<?xml version="1.0" encoding="UTF-8"?>
<!-- Generated by org.testng.reporters.JUnitReportReporter -->
<testsuite hostname="Bluetie-Tester-Poornima" name="com.qa.ihm.tests.LoginPageTest" tests="3" failures="0" timestamp="29 Jan 2020 09:39:22 GMT" time="0.570" errors="0">
  <testcase name="verifyLoginlinkTest" time="0.102" classname="com.qa.ihm.tests.LoginPageTest"/>
  <testcase name="ContinuewithPhnTest" time="0.191" classname="com.qa.ihm.tests.LoginPageTest"/>
  <testcase name="loginTest" time="0.277" classname="com.qa.ihm.tests.LoginPageTest"/>
</testsuite> <!-- com.qa.ihm.tests.LoginPageTest -->
